0 info it worked if it ends with ok
1 verbose cli [ '/usr/bin/node', '/usr/bin/npm', 'install', '-g', 'vimdebug' ]
2 info using npm@1.4.28
3 info using node@v0.10.37
4 verbose node symlink /usr/bin/node
5 verbose cache add [ 'vimdebug', null ]
6 verbose cache add name=undefined spec="vimdebug" args=["vimdebug",null]
7 verbose parsed url { protocol: null,
7 verbose parsed url   slashes: null,
7 verbose parsed url   auth: null,
7 verbose parsed url   host: null,
7 verbose parsed url   port: null,
7 verbose parsed url   hostname: null,
7 verbose parsed url   hash: null,
7 verbose parsed url   search: null,
7 verbose parsed url   query: null,
7 verbose parsed url   pathname: 'vimdebug',
7 verbose parsed url   path: 'vimdebug',
7 verbose parsed url   href: 'vimdebug' }
8 silly lockFile 92049b90-vimdebug vimdebug
9 verbose lock vimdebug /home/ubuntu/.npm/92049b90-vimdebug.lock
10 silly lockFile 92049b90-vimdebug vimdebug
11 silly lockFile 92049b90-vimdebug vimdebug
12 verbose addNamed [ 'vimdebug', '' ]
13 verbose addNamed [ null, '*' ]
14 silly lockFile a9a00caf-vimdebug vimdebug@
15 verbose lock vimdebug@ /home/ubuntu/.npm/a9a00caf-vimdebug.lock
16 silly addNameRange { name: 'vimdebug', range: '*', hasData: false }
17 verbose request where is /vimdebug
18 verbose request registry https://registry.npmjs.org/
19 verbose request id dfe3d82ed1bc21be
20 verbose url raw /vimdebug
21 verbose url resolving [ 'https://registry.npmjs.org/', './vimdebug' ]
22 verbose url resolved https://registry.npmjs.org/vimdebug
23 verbose request where is https://registry.npmjs.org/vimdebug
24 info trying registry request attempt 1 at 00:21:10
25 http GET https://registry.npmjs.org/vimdebug
26 http 200 https://registry.npmjs.org/vimdebug
27 silly registry.get cb [ 200,
27 silly registry.get   { server: 'CouchDB/1.5.0 (Erlang OTP/R16B03)',
27 silly registry.get     etag: '"24JB858GLC7G059ZPJBX2BK5"',
27 silly registry.get     'content-type': 'application/json',
27 silly registry.get     'cache-control': 'max-age=60',
27 silly registry.get     'content-length': '13745',
27 silly registry.get     'accept-ranges': 'bytes',
27 silly registry.get     date: 'Mon, 08 Jun 2015 00:21:23 GMT',
27 silly registry.get     via: '1.1 varnish',
27 silly registry.get     age: '0',
27 silly registry.get     connection: 'keep-alive',
27 silly registry.get     'x-served-by': 'cache-sjc3125-SJC',
27 silly registry.get     'x-cache': 'MISS',
27 silly registry.get     'x-cache-hits': '0',
27 silly registry.get     'x-timer': 'S1433722883.731967,VS0,VE92',
27 silly registry.get     vary: 'Accept' } ]
28 silly addNameRange number 2 { name: 'vimdebug', range: '*', hasData: true }
29 silly addNameRange versions [ 'vimdebug',
29 silly addNameRange   [ '0.0.1', '0.1.1', '0.1.2', '0.2.0', '0.2.1', '0.2.2', '0.2.3' ] ]
30 verbose addNamed [ 'vimdebug', '0.2.3' ]
31 verbose addNamed [ '0.2.3', '0.2.3' ]
32 silly lockFile 8b31c938-vimdebug-0-2-3 vimdebug@0.2.3
33 verbose lock vimdebug@0.2.3 /home/ubuntu/.npm/8b31c938-vimdebug-0-2-3.lock
34 silly lockFile 2ec06782--org-vimdebug-vimdebug-0-2-3-tgz https://registry.npmjs.org/vimdebug/-/vimdebug-0.2.3.tgz
35 verbose lock https://registry.npmjs.org/vimdebug/-/vimdebug-0.2.3.tgz /home/ubuntu/.npm/2ec06782--org-vimdebug-vimdebug-0-2-3-tgz.lock
36 verbose addRemoteTarball [ 'https://registry.npmjs.org/vimdebug/-/vimdebug-0.2.3.tgz',
36 verbose addRemoteTarball   '7996bbfc37df76b5e88ef47a3e854498838a03f6' ]
37 info retry fetch attempt 1 at 00:21:11
38 verbose fetch to= /tmp/npm-2444-hNbpqxoH/registry.npmjs.org/vimdebug/-/vimdebug-0.2.3.tgz
39 http GET https://registry.npmjs.org/vimdebug/-/vimdebug-0.2.3.tgz
40 http 200 https://registry.npmjs.org/vimdebug/-/vimdebug-0.2.3.tgz
41 silly lockFile 2ec06782--org-vimdebug-vimdebug-0-2-3-tgz https://registry.npmjs.org/vimdebug/-/vimdebug-0.2.3.tgz
42 silly lockFile 2ec06782--org-vimdebug-vimdebug-0-2-3-tgz https://registry.npmjs.org/vimdebug/-/vimdebug-0.2.3.tgz
43 silly lockFile 8b31c938-vimdebug-0-2-3 vimdebug@0.2.3
44 silly lockFile 8b31c938-vimdebug-0-2-3 vimdebug@0.2.3
45 silly lockFile a9a00caf-vimdebug vimdebug@
46 silly lockFile a9a00caf-vimdebug vimdebug@
47 silly resolved [ { name: 'vimdebug',
47 silly resolved     version: '0.2.3',
47 silly resolved     description: 'vim-netbeans based debugger',
47 silly resolved     main: 'index.js',
47 silly resolved     scripts: { test: 'echo "Error: no test specified" && exit 1' },
47 silly resolved     bin: { 'node-vim-inspector': './bin/vim-inspector.js' },
47 silly resolved     repository:
47 silly resolved      { type: 'git',
47 silly resolved        url: 'git://github.com/sidorares/node-vim-debugger.git' },
47 silly resolved     keywords: [ 'vim', 'debugger', 'coffeescript', 'sourcemaps', 'ide' ],
47 silly resolved     author: { name: 'Andrey Sidorov', email: 'sidorares@yandex.ru' },
47 silly resolved     license: 'MIT',
47 silly resolved     dependencies:
47 silly resolved      { cardinal: '^0.4.4',
47 silly resolved        'coffee-script': '~1.6.3',
47 silly resolved        'convert-source-map': '^0.4.1',
47 silly resolved        optimist: '^0.6.1',
47 silly resolved        portfinder: '^0.2.1',
47 silly resolved        rc: '^0.5.1',
47 silly resolved        'source-map': '~0.1.25',
47 silly resolved        tmp: '0.0.20',
47 silly resolved        'v8-debugger': '0.0.3',
47 silly resolved        'vim-netbeans': '~2.0.0' },
47 silly resolved     gitHead: '2391a5f35ba7060be2e14e156a47e268e1e7c196',
47 silly resolved     bugs: { url: 'https://github.com/sidorares/node-vim-debugger/issues' },
47 silly resolved     homepage: 'https://github.com/sidorares/node-vim-debugger',
47 silly resolved     _id: 'vimdebug@0.2.3',
47 silly resolved     _shasum: '7996bbfc37df76b5e88ef47a3e854498838a03f6',
47 silly resolved     _from: 'vimdebug@',
47 silly resolved     _npmVersion: '1.4.28',
47 silly resolved     _npmUser: { name: 'sidorares', email: 'sidorares@yandex.com' },
47 silly resolved     maintainers: [ [Object], [Object] ],
47 silly resolved     dist:
47 silly resolved      { shasum: '7996bbfc37df76b5e88ef47a3e854498838a03f6',
47 silly resolved        tarball: 'http://registry.npmjs.org/vimdebug/-/vimdebug-0.2.3.tgz' },
47 silly resolved     directories: {},
47 silly resolved     _resolved: 'https://registry.npmjs.org/vimdebug/-/vimdebug-0.2.3.tgz' } ]
48 info install vimdebug@0.2.3 into /usr/lib
49 info installOne vimdebug@0.2.3
50 verbose lib/node_modules/vimdebug unbuild
51 verbose tar unpack /home/ubuntu/.npm/vimdebug/0.2.3/package.tgz
52 silly lockFile 5f6986b2-ar-usr-lib-node-modules-vimdebug tar:///usr/lib/node_modules/vimdebug
53 verbose lock tar:///usr/lib/node_modules/vimdebug /home/ubuntu/.npm/5f6986b2-ar-usr-lib-node-modules-vimdebug.lock
54 silly lockFile 667c3789-u-npm-vimdebug-0-2-3-package-tgz tar:///home/ubuntu/.npm/vimdebug/0.2.3/package.tgz
55 verbose lock tar:///home/ubuntu/.npm/vimdebug/0.2.3/package.tgz /home/ubuntu/.npm/667c3789-u-npm-vimdebug-0-2-3-package-tgz.lock
56 silly gunzTarPerm modes [ '775', '664' ]
57 error Error: EACCES, mkdir '/usr/lib/node_modules/vimdebug'
57 error  { [Error: EACCES, mkdir '/usr/lib/node_modules/vimdebug']
57 error   errno: 3,
57 error   code: 'EACCES',
57 error   path: '/usr/lib/node_modules/vimdebug',
57 error   fstream_type: 'Directory',
57 error   fstream_path: '/usr/lib/node_modules/vimdebug',
57 error   fstream_class: 'DirWriter',
57 error   fstream_stack:
57 error    [ '/usr/lib/node_modules/npm/node_modules/fstream/lib/dir-writer.js:36:23',
57 error      '/usr/lib/node_modules/npm/node_modules/mkdirp/index.js:46:53',
57 error      'Object.oncomplete (fs.js:108:15)' ] }
58 error Please try running this command again as root/Administrator.
59 error System Linux 3.13.0-48-generic
60 error command "/usr/bin/node" "/usr/bin/npm" "install" "-g" "vimdebug"
61 error cwd /home/ubuntu/tutorials/node
62 error node -v v0.10.37
63 error npm -v 1.4.28
64 error path /usr/lib/node_modules/vimdebug
65 error fstream_path /usr/lib/node_modules/vimdebug
66 error fstream_type Directory
67 error fstream_class DirWriter
68 error code EACCES
69 error errno 3
70 error stack Error: EACCES, mkdir '/usr/lib/node_modules/vimdebug'
71 error fstream_stack /usr/lib/node_modules/npm/node_modules/fstream/lib/dir-writer.js:36:23
71 error fstream_stack /usr/lib/node_modules/npm/node_modules/mkdirp/index.js:46:53
71 error fstream_stack Object.oncomplete (fs.js:108:15)
72 verbose exit [ 3, true ]
